<?xml version="1.0" encoding="UTF-8"?>
<!-- Generated by org.testng.reporters.JUnitReportReporter -->
<testsuite hostname="DESKTOP-G36OFSP" failures="0" tests="1" name="orangehrmtestcases.Test001" time="0.015" errors="0" timestamp="22 Mar 2023 06:25:02 GMT">
  <testcase classname="orangehrmtestcases.Test001" name="login" time="0.015"/>
</testsuite> <!-- orangehrmtestcases.Test001 -->
