<?xml version="1.0" encoding="UTF-8"?>
<!-- Generated by org.testng.reporters.JUnitReportReporter -->
<testsuite hostname="DESKTOP-G36OFSP" failures="0" tests="2" name="orangehrmtestcases.FlipkartExample" time="57.944" errors="0" timestamp="22 Mar 2023 03:07:08 GMT">
  <testcase classname="orangehrmtestcases.FlipkartExample" name="openfilipkart" time="29.123"/>
  <testcase classname="orangehrmtestcases.FlipkartExample" name="openfilipkart" time="28.821"/>
</testsuite> <!-- orangehrmtestcases.FlipkartExample -->
