<?xml version="1.0" encoding="UTF-8"?>
<!-- Generated by org.testng.reporters.JUnitReportReporter -->
<testsuite hostname="DESKTOP-G36OFSP" failures="0" tests="2" name="orangehrmtestcases.login_logout" time="1.507" errors="0" timestamp="21 Mar 2023 13:38:22 GMT">
  <testcase classname="orangehrmtestcases.login_logout" name="login" time="1.012"/>
  <testcase classname="orangehrmtestcases.login_logout" name="logout" time="0.495"/>
</testsuite> <!-- orangehrmtestcases.login_logout -->
